[debug] [2022-10-24T04:25:31.422Z] ----------------------------------------------------------------------
[debug] [2022-10-24T04:25:31.539Z] Command:       C:\Program Files\nodejs\node.exe C:\Users\Ahmed Raza\AppData\Roaming\npm\node_modules\firebase-tools\lib\bin\firebase.js login
[debug] [2022-10-24T04:25:31.540Z] CLI Version:   11.13.0
[debug] [2022-10-24T04:25:31.540Z] Platform:      win32
[debug] [2022-10-24T04:25:31.540Z] Node Version:  v16.17.0
[debug] [2022-10-24T04:25:33.242Z] Time:          Mon Oct 24 2022 09:25:31 GMT+0500 (Pakistan Standard Time)
[debug] [2022-10-24T04:25:33.242Z] ----------------------------------------------------------------------
[debug] 
[info] i  Firebase optionally collects CLI and Emulator Suite usage and error reporting information to help improve our products. Data is collected in accordance with Google's privacy policy (https://policies.google.com/privacy) and is not used to identify you.
 
[info] i  To change your data collection preference at any time, run `firebase logout` and log in again. 
[info] 
[info] Visit this URL on this device to log in:
[info] https://accounts.google.com/o/oauth2/auth?client_id=563584335869-fgrhgmd47bqnekij5i8b5pr03ho849e6.apps.googleusercontent.com&scope=email%20openid%20https%3A%2F%2Fwww.googleapis.com%2Fauth%2Fcloudplatformprojects.readonly%20https%3A%2F%2Fwww.googleapis.com%2Fauth%2Ffirebase%20https%3A%2F%2Fwww.googleapis.com%2Fauth%2Fcloud-platform&response_type=code&state=612849735&redirect_uri=http%3A%2F%2Flocalhost%3A9005
[info] 
[info] Waiting for authentication...
[debug] [2022-10-24T04:26:09.236Z] >>> [apiv2][query] POST https://accounts.google.com/o/oauth2/token [none]
[debug] [2022-10-24T04:26:09.237Z] >>> [apiv2][body] POST https://accounts.google.com/o/oauth2/token [omitted]
[debug] [2022-10-24T04:26:33.124Z] Token Fetch Error: FirebaseError: Failed to make request to https://accounts.google.com/o/oauth2/token
    at RetryOperation._fn (C:\Users\Ahmed Raza\AppData\Roaming\npm\node_modules\firebase-tools\lib\apiv2.js:242:31)
    at processTicksAndRejections (node:internal/process/task_queues:96:5)
[debug] [2022-10-24T04:26:33.738Z] >>> [apiv2][query] POST https://auth.firebase.tools/attest [none]
[debug] [2022-10-24T04:26:33.739Z] >>> [apiv2][body] POST https://auth.firebase.tools/attest {"session_id":"7e8ac6b6-6baa-4bf1-a90f-310bdb431047"}
